exponentul in binar este: 110111001101

      nr_bit (i)       |       valoare_bit (c_i)      |       rezultat_curent (z)
-----------------------------------------------------------------------------------------
       11		       |        1                     |  1 ^ 2  * 9726  = 9726 
-----------------------------------------------------------------------------------------
       10		       |        1                     |  9726 ^ 2  * 9726  = 2659 
-----------------------------------------------------------------------------------------
       9		       |        0                     |  2659 ^ 2  = 5634 
-----------------------------------------------------------------------------------------
       8		       |        1                     |  5634 ^ 2  * 9726  = 9167 
-----------------------------------------------------------------------------------------
       7		       |        1                     |  9167 ^ 2  * 9726  = 4958 
-----------------------------------------------------------------------------------------
       6		       |        1                     |  4958 ^ 2  * 9726  = 7783 
-----------------------------------------------------------------------------------------
       5		       |        0                     |  7783 ^ 2  = 6298 
-----------------------------------------------------------------------------------------
       4		       |        0                     |  6298 ^ 2  = 4629 
-----------------------------------------------------------------------------------------
       3		       |        1                     |  4629 ^ 2  * 9726  = 10185 
-----------------------------------------------------------------------------------------
       2		       |        1                     |  10185 ^ 2  * 9726  = 105 
-----------------------------------------------------------------------------------------
       1		       |        0                     |  105 ^ 2  = 11025 
-----------------------------------------------------------------------------------------
       0		       |        1                     |  11025 ^ 2  * 9726  = 5761 
-----------------------------------------------------------------------------------------
Rezultat: 5761