Build started 5/15/2013 10:29:20 AM.
     1>Project "D:\Facultate\facultate\anul III\sem II\criptografie si securitate\Criptografie\De la Florian\Surse\curbe eliptice adunare de puncte\curbe eliptice\curbe eliptice.vcxproj" on node 2 (build target(s)).
     1>InitializeBuildStatus:
         Creating "Debug\curbe eliptice.unsuccessfulbuild" because "AlwaysCreate" was specified.
       ClCompile:
         C:\Program Files\Microsoft Visual Studio 10.0\VC\bin\CL.exe /c /ZI /nologo /W3 /WX- /Od /Oy- /D WIN32 /D _DEBUG /D _CONSOLE /D _UNICODE /D UNICODE /Gm /EHsc /RTC1 /MDd /GS /fp:precise /Zc:wchar_t /Zc:forScope /Fo"Debug\\" /Fd"Debug\vc100.pdb" /Gd /TP /analyze- /errorReport:prompt main.cpp
         main.cpp
       ManifestResourceCompile:
         C:\Program Files\Microsoft SDKs\Windows\v7.0A\bin\rc.exe /nologo /fo"Debug\curbe eliptice.exe.embed.manifest.res" "Debug\curbe eliptice_manifest.rc" 
       Link:
         C:\Program Files\Microsoft Visual Studio 10.0\VC\bin\link.exe /ERRORREPORT:PROMPT /OUT:"D:\Facultate\facultate\anul III\sem II\criptografie si securitate\Criptografie\De la Florian\Surse\curbe eliptice adunare de puncte\Debug\curbe eliptice.exe" /INCREMENTAL /NOLOGO kernel32.lib user32.lib gdi32.lib winspool.lib comdlg32.lib advapi32.lib shell32.lib ole32.lib oleaut32.lib uuid.lib odbc32.lib odbccp32.lib /MANIFEST /ManifestFile:"Debug\curbe eliptice.exe.intermediate.manifest" /MANIFESTUAC:"level='asInvoker' uiAccess='false'" /DEBUG /PDB:"D:\Facultate\facultate\anul III\sem II\criptografie si securitate\Criptografie\De la Florian\Surse\curbe eliptice adunare de puncte\Debug\curbe eliptice.pdb" /SUBSYSTEM:CONSOLE /TLBID:1 /DYNAMICBASE /NXCOMPAT /IMPLIB:"D:\Facultate\facultate\anul III\sem II\criptografie si securitate\Criptografie\De la Florian\Surse\curbe eliptice adunare de puncte\Debug\curbe eliptice.lib" /MACHINE:X86 "Debug\curbe eliptice.exe.embed.manifest.res"
         Debug\main.obj
       Manifest:
         C:\Program Files\Microsoft SDKs\Windows\v7.0A\bin\mt.exe /nologo /verbose /out:"Debug\curbe eliptice.exe.embed.manifest" /manifest "Debug\curbe eliptice.exe.intermediate.manifest"
         All outputs are up-to-date.
       LinkEmbedManifest:
         All outputs are up-to-date.
         curbe eliptice.vcxproj -> D:\Facultate\facultate\anul III\sem II\criptografie si securitate\Criptografie\De la Florian\Surse\curbe eliptice adunare de puncte\Debug\curbe eliptice.exe
       FinalizeBuildStatus:
         Deleting file "Debug\curbe eliptice.unsuccessfulbuild".
         Touching "Debug\curbe eliptice.lastbuildstate".
     1>Done Building Project "D:\Facultate\facultate\anul III\sem II\criptografie si securitate\Criptografie\De la Florian\Surse\curbe eliptice adunare de puncte\curbe eliptice\curbe eliptice.vcxproj" (build target(s)).

Build succeeded.

Time Elapsed 00:00:04.08
