Build started 5/15/2013 11:08:46 AM.
     1>Project "D:\Facultate\facultate\anul III\sem II\criptografie si securitate\Criptografie\cripto\cripto\cripto.vcxproj" on node 2 (build target(s)).
     1>InitializeBuildStatus:
         Creating "Debug\cripto.unsuccessfulbuild" because "AlwaysCreate" was specified.
       ClCompile:
         C:\Program Files\Microsoft Visual Studio 10.0\VC\bin\CL.exe /c /ZI /nologo /W3 /WX- /Od /Oy- /D WIN32 /D _DEBUG /D _CONSOLE /D _UNICODE /D UNICODE /Gm /EHsc /RTC1 /MDd /GS /fp:precise /Zc:wchar_t /Zc:forScope /Fo"Debug\\" /Fd"Debug\vc100.pdb" /Gd /TP /analyze- /errorReport:prompt ..\sursa_finala_cripto.cpp
         sursa_finala_cripto.cpp
     1>d:\facultate\facultate\anul iii\sem ii\criptografie si securitate\criptografie\cripto\sursa_finala_cripto.cpp(27): warning C4244: 'argument' : conversion from '__int64' to 'int', possible loss of data
     1>d:\facultate\facultate\anul iii\sem ii\criptografie si securitate\criptografie\cripto\sursa_finala_cripto.cpp(151): warning C4996: 'freopen': This function or variable may be unsafe. Consider using freopen_s instead. To disable deprecation, use _CRT_SECURE_NO_WARNINGS. See online help for details.
                 c:\program files\microsoft visual studio 10.0\vc\include\stdio.h(249) : see declaration of 'freopen'
       ManifestResourceCompile:
         All outputs are up-to-date.
       Link:
         C:\Program Files\Microsoft Visual Studio 10.0\VC\bin\link.exe /ERRORREPORT:PROMPT /OUT:"D:\Facultate\facultate\anul III\sem II\criptografie si securitate\Criptografie\cripto\Debug\cripto.exe" /INCREMENTAL /NOLOGO kernel32.lib user32.lib gdi32.lib winspool.lib comdlg32.lib advapi32.lib shell32.lib ole32.lib oleaut32.lib uuid.lib odbc32.lib odbccp32.lib /MANIFEST /ManifestFile:"Debug\cripto.exe.intermediate.manifest" /MANIFESTUAC:"level='asInvoker' uiAccess='false'" /DEBUG /PDB:"D:\Facultate\facultate\anul III\sem II\criptografie si securitate\Criptografie\cripto\Debug\cripto.pdb" /SUBSYSTEM:CONSOLE /TLBID:1 /DYNAMICBASE /NXCOMPAT /IMPLIB:"D:\Facultate\facultate\anul III\sem II\criptografie si securitate\Criptografie\cripto\Debug\cripto.lib" /MACHINE:X86 Debug\cripto.exe.embed.manifest.res
         Debug\sursa_finala_cripto.obj
       Manifest:
         C:\Program Files\Microsoft SDKs\Windows\v7.0A\bin\mt.exe /nologo /verbose /out:"Debug\cripto.exe.embed.manifest" /manifest Debug\cripto.exe.intermediate.manifest
         All outputs are up-to-date.
       LinkEmbedManifest:
         All outputs are up-to-date.
         cripto.vcxproj -> D:\Facultate\facultate\anul III\sem II\criptografie si securitate\Criptografie\cripto\Debug\cripto.exe
       FinalizeBuildStatus:
         Deleting file "Debug\cripto.unsuccessfulbuild".
         Touching "Debug\cripto.lastbuildstate".
     1>Done Building Project "D:\Facultate\facultate\anul III\sem II\criptografie si securitate\Criptografie\cripto\cripto\cripto.vcxproj" (build target(s)).

Build succeeded.

Time Elapsed 00:00:03.05
