02 x 48 (01001000) + 03 x 6C (01101100) + 01 x EA (11101010) + 01 x 26 (00100110) + = E8
02 x FC (11111100) + 03 x 6B (01101011) + 01 x 1D (00011101) + 01 x 50 (01010000) + = 13
02 x F3 (11110011) + 03 x B6 (10110110) + 01 x 84 (10000100) + 01 x C3 (11000011) + = 7B
02 x B6 (10110110) + 03 x A8 (10101000) + 01 x 90 (10010000) + 01 x 27 (00100111) + = 23
01 x 48 (01001000) + 02 x 6C (01101100) + 03 x EA (11101010) + 01 x 26 (00100110) + = 93
01 x FC (11111100) + 02 x 6B (01101011) + 03 x 1D (00011101) + 01 x 50 (01010000) + = 5D
01 x F3 (11110011) + 02 x B6 (10110110) + 03 x 84 (10000100) + 01 x C3 (11000011) + = D0
01 x B6 (10110110) + 02 x A8 (10101000) + 03 x 90 (10010000) + 01 x 27 (00100111) + = 71
01 x 48 (01001000) + 01 x 6C (01101100) + 02 x EA (11101010) + 03 x 26 (00100110) + = 81
01 x FC (11111100) + 01 x 6B (01101011) + 02 x 1D (00011101) + 03 x 50 (01010000) + = 5D
01 x F3 (11110011) + 01 x B6 (10110110) + 02 x 84 (10000100) + 03 x C3 (11000011) + = 08
01 x B6 (10110110) + 01 x A8 (10101000) + 02 x 90 (10010000) + 03 x 27 (00100111) + = 4C
03 x 48 (01001000) + 01 x 6C (01101100) + 01 x EA (11101010) + 02 x 26 (00100110) + = 12
03 x FC (11111100) + 01 x 6B (01101011) + 01 x 1D (00011101) + 02 x 50 (01010000) + = C9
03 x F3 (11110011) + 01 x B6 (10110110) + 01 x 84 (10000100) + 02 x C3 (11000011) + = A1
03 x B6 (10110110) + 01 x A8 (10101000) + 01 x 90 (10010000) + 02 x 27 (00100111) + = B7

E8 13 7B 23 
93 5D D0 71 
81 5D 08 4C 
12 C9 A1 B7 

EC (11101100)E8 (11101000)14 (00010100)13 (00010011)99 (10011001)7B (01111011)6A (01101010)23 (00100011)61 (01100001)93 (10010011)25 (00100101)5D (01011101)FF (11111111)D0 (11010000)B4 (10110100)71 (01110001)4B (01001011)81 (10000001)75 (01110101)5D (01011101)09 (00001001)08 (00001000)9B (10011011)4C (01001100)85 (10000101)12 (00010010)8C (10001100)C9 (11001001)37 (00110111)A1 (10100001)A7 (10100111)B7 (10110111)
04 07 E2 49 
F2 78 2F C5 
CA 28 01 D7 
97 45 96 10 

