Build started 5/15/2013 10:57:20 AM.
     1>Project "D:\Facultate\facultate\anul III\sem II\criptografie si securitate\Criptografie\De la Florian\Surse\expo\expo\expo.vcxproj" on node 2 (build target(s)).
     1>PrepareForBuild:
         Creating directory "D:\Facultate\facultate\anul III\sem II\criptografie si securitate\Criptografie\De la Florian\Surse\expo\Debug\".
       InitializeBuildStatus:
         Creating "Debug\expo.unsuccessfulbuild" because "AlwaysCreate" was specified.
       ClCompile:
         C:\Program Files\Microsoft Visual Studio 10.0\VC\bin\CL.exe /c /ZI /nologo /W3 /WX- /Od /Oy- /D WIN32 /D _DEBUG /D _CONSOLE /D _UNICODE /D UNICODE /Gm /EHsc /RTC1 /MDd /GS /fp:precise /Zc:wchar_t /Zc:forScope /Fo"Debug\\" /Fd"Debug\vc100.pdb" /Gd /TP /analyze- /errorReport:prompt main.cpp
         main.cpp
     1>d:\facultate\facultate\anul iii\sem ii\criptografie si securitate\criptografie\de la florian\surse\expo\expo\main.cpp(27): warning C4996: 'scanf': This function or variable may be unsafe. Consider using scanf_s instead. To disable deprecation, use _CRT_SECURE_NO_WARNINGS. See online help for details.
                 c:\program files\microsoft visual studio 10.0\vc\include\stdio.h(304) : see declaration of 'scanf'
       ManifestResourceCompile:
         C:\Program Files\Microsoft SDKs\Windows\v7.0A\bin\rc.exe /nologo /fo"Debug\expo.exe.embed.manifest.res" Debug\expo_manifest.rc 
       Link:
         C:\Program Files\Microsoft Visual Studio 10.0\VC\bin\link.exe /ERRORREPORT:PROMPT /OUT:"D:\Facultate\facultate\anul III\sem II\criptografie si securitate\Criptografie\De la Florian\Surse\expo\Debug\expo.exe" /INCREMENTAL /NOLOGO kernel32.lib user32.lib gdi32.lib winspool.lib comdlg32.lib advapi32.lib shell32.lib ole32.lib oleaut32.lib uuid.lib odbc32.lib odbccp32.lib /MANIFEST /ManifestFile:"Debug\expo.exe.intermediate.manifest" /MANIFESTUAC:"level='asInvoker' uiAccess='false'" /DEBUG /PDB:"D:\Facultate\facultate\anul III\sem II\criptografie si securitate\Criptografie\De la Florian\Surse\expo\Debug\expo.pdb" /SUBSYSTEM:CONSOLE /TLBID:1 /DYNAMICBASE /NXCOMPAT /IMPLIB:"D:\Facultate\facultate\anul III\sem II\criptografie si securitate\Criptografie\De la Florian\Surse\expo\Debug\expo.lib" /MACHINE:X86 Debug\expo.exe.embed.manifest.res
         Debug\main.obj
       Manifest:
         C:\Program Files\Microsoft SDKs\Windows\v7.0A\bin\mt.exe /nologo /verbose /out:"Debug\expo.exe.embed.manifest" /manifest Debug\expo.exe.intermediate.manifest
         C:\Program Files\Microsoft SDKs\Windows\v7.0A\bin\rc.exe /nologo /fo"Debug\expo.exe.embed.manifest.res" Debug\expo_manifest.rc 
       LinkEmbedManifest:
         C:\Program Files\Microsoft Visual Studio 10.0\VC\bin\link.exe /ERRORREPORT:PROMPT /OUT:"D:\Facultate\facultate\anul III\sem II\criptografie si securitate\Criptografie\De la Florian\Surse\expo\Debug\expo.exe" /INCREMENTAL /NOLOGO kernel32.lib user32.lib gdi32.lib winspool.lib comdlg32.lib advapi32.lib shell32.lib ole32.lib oleaut32.lib uuid.lib odbc32.lib odbccp32.lib /MANIFEST /ManifestFile:"Debug\expo.exe.intermediate.manifest" /MANIFESTUAC:"level='asInvoker' uiAccess='false'" /DEBUG /PDB:"D:\Facultate\facultate\anul III\sem II\criptografie si securitate\Criptografie\De la Florian\Surse\expo\Debug\expo.pdb" /SUBSYSTEM:CONSOLE /TLBID:1 /DYNAMICBASE /NXCOMPAT /IMPLIB:"D:\Facultate\facultate\anul III\sem II\criptografie si securitate\Criptografie\De la Florian\Surse\expo\Debug\expo.lib" /MACHINE:X86 Debug\expo.exe.embed.manifest.res
         Debug\main.obj
         expo.vcxproj -> D:\Facultate\facultate\anul III\sem II\criptografie si securitate\Criptografie\De la Florian\Surse\expo\Debug\expo.exe
       FinalizeBuildStatus:
         Deleting file "Debug\expo.unsuccessfulbuild".
         Touching "Debug\expo.lastbuildstate".
     1>Done Building Project "D:\Facultate\facultate\anul III\sem II\criptografie si securitate\Criptografie\De la Florian\Surse\expo\expo\expo.vcxproj" (build target(s)).

Build succeeded.

Time Elapsed 00:00:02.73
