Press any key to continue . . . 
K = 1
BCSBIBNMJODPMO
K = 2
ABRAHAMLINCOLN
K = 3
ZAQZGZLKHMBNKM
K = 4
YZPYFYKJGLAMJL
K = 5
XYOXEXJIFKZLIK
K = 6
WXNWDWIHEJYKHJ
K = 7
VWMVCVHGDIXJGI
K = 8
UVLUBUGFCHWIFH
K = 9
TUKTATFEBGVHEG
K = 10
STJSZSEDAFUGDF
K = 11
RSIRYRDCZETFCE
K = 12
QRHQXQCBYDSEBD
K = 13
PQGPWPBAXCRDAC
K = 14
OPFOVOAZWBQCZB
K = 15
NOENUNZYVAPBYA
K = 16
MNDMTMYXUZOAXZ
K = 17
LMCLSLXWTYNZWY
K = 18
KLBKRKWVSXMYVX
K = 19
JKAJQJVURWLXUW
K = 20
IJZIPIUTQVKWTV
K = 21
HIYHOHTSPUJVSU
K = 22
GHXGNGSROTIURT
K = 23
FGWFMFRQNSHTQS
K = 24
EFVELEQPMRGSPR
K = 25
DEUDKDPOLQFROQ
